<<<<<<< HEAD

===========================================
PROFILE Configuration - 2025-12-28 11:37
===========================================
Date:           2025-12-28 11:37
Profile Name:   MYKOLAS
Feed Rate:      30.0 m/min
Material Size:  
Product Size:   

===========================================

===========================================
PROFILE Configuration - 2025-12-28 11:40
===========================================
Date:           2025-12-28 11:40
Profile Name:   MYKOLAS
Feed Rate:      30.0 m/min
Material Size:  
Product Size:   

===========================================

===========================================
PROFILE Configuration - 2025-12-28 11:43
===========================================
Date:           2025-12-28 11:43
Profile Name:   MYKOLAS
Feed Rate:      30.0 m/min
Material Size:  
Product Size:   

===========================================

===========================================
PROFILE Configuration - 2025-12-28 11:45
===========================================
Date:           2025-12-28 11:45
Profile Name:   MYKOLAS
Feed Rate:      30.0 m/min
Material Size:  
Product Size:   

===========================================

===========================================
PROFILE Configuration - 2025-12-28 11:56
===========================================
Date:           2025-12-28 11:56
Profile Name:   MYKOLAS
Feed Rate:      30.0 m/min
Material Size:  
Product Size:   

===========================================

===========================================
PROFILE Configuration - 2025-12-28 12:13
===========================================
Date:           2025-12-28 12:13
Profile Name:   MYKOLAS
Feed Rate:      30.0 m/min
Material Size:  
Product Size:   

===========================================

===========================================
PROFILE Configuration - 2025-12-28 12:14
===========================================
Date:           2025-12-28 12:14
Profile Name:   FREDA
Feed Rate:      30.0 m/min
Material Size:  123
Product Size:   456

===========================================
=======

===========================================
PROFILE Configuration - 2025-12-28 11:37
===========================================
Date:           2025-12-28 11:37
Profile Name:   MYKOLAS
Feed Rate:      30.0 m/min
Material Size:  
Product Size:   

===========================================

===========================================
PROFILE Configuration - 2025-12-28 11:40
===========================================
Date:           2025-12-28 11:40
Profile Name:   MYKOLAS
Feed Rate:      30.0 m/min
Material Size:  
Product Size:   

===========================================

===========================================
PROFILE Configuration - 2025-12-28 11:43
===========================================
Date:           2025-12-28 11:43
Profile Name:   MYKOLAS
Feed Rate:      30.0 m/min
Material Size:  
Product Size:   

===========================================

===========================================
PROFILE Configuration - 2025-12-28 11:45
===========================================
Date:           2025-12-28 11:45
Profile Name:   MYKOLAS
Feed Rate:      30.0 m/min
Material Size:  
Product Size:   

===========================================

===========================================
PROFILE Configuration - 2025-12-28 11:56
===========================================
Date:           2025-12-28 11:56
Profile Name:   MYKOLAS
Feed Rate:      30.0 m/min
Material Size:  
Product Size:   

===========================================

===========================================
PROFILE Configuration - 2025-12-28 12:13
===========================================
Date:           2025-12-28 12:13
Profile Name:   MYKOLAS
Feed Rate:      30.0 m/min
Material Size:  
Product Size:   

===========================================

===========================================
PROFILE Configuration - 2025-12-28 12:14
===========================================
Date:           2025-12-28 12:14
Profile Name:   FREDA
Feed Rate:      30.0 m/min
Material Size:  123
Product Size:   456

===========================================
>>>>>>> temp
