
===========================================
PROFILE Configuration - 2026-01-08 21:07
===========================================
Date:           2026-01-08 21:07
Profile Name:   19UTV
Feed Rate:      30.0 m/min
Material Size:  25 X150
Product Size:   19 X 140

===========================================

===========================================
PROFILE Configuration - 2026-01-12 20:35
===========================================
Date:           2026-01-12 20:35
Profile Name:   20PTGH
Feed Rate:      30.0 m/min
Material Size:  
Product Size:   

===========================================

===========================================
PROFILE Configuration - 2026-01-12 20:49
===========================================
Date:           2026-01-12 20:49
Profile Name:   20PTGH
Feed Rate:      30.0 m/min
Material Size:  
Product Size:   

===========================================

===========================================
PROFILE Configuration - 2026-01-12 21:04
===========================================
Date:           2026-01-12 21:04
Profile Name:   20PTGH
Feed Rate:      30.0 m/min
Material Size:  
Product Size:   

===========================================

===========================================
PROFILE Configuration - 2026-01-12 21:07
===========================================
Date:           2026-01-12 21:07
Profile Name:   20PTGH
Feed Rate:      30.0 m/min
Material Size:  
Product Size:   

===========================================

===========================================
PROFILE Configuration - 2026-01-12 21:38
===========================================
Date:           2026-01-12 21:38
Profile Name:   20PTGH
Feed Rate:      30.0 m/min
Material Size:  
Product Size:   

===========================================

===========================================
PROFILE Configuration - 2026-01-12 21:51
===========================================
Date:           2026-01-12 21:51
Profile Name:   20PTGH
Feed Rate:      30.0 m/min
Material Size:  
Product Size:   

===========================================

===========================================
PROFILE Configuration - 2026-01-12 21:51
===========================================
Date:           2026-01-12 21:51
Profile Name:   20PTGH
Feed Rate:      30.0 m/min
Material Size:  
Product Size:   

===========================================

===========================================
PROFILE Configuration - 2026-01-12 21:52
===========================================
Date:           2026-01-12 21:52
Profile Name:   20PTGH
Feed Rate:      30.0 m/min
Material Size:  
Product Size:   

===========================================

===========================================
PROFILE Configuration - 2026-01-12 21:53
===========================================
Date:           2026-01-12 21:53
Profile Name:   20PTGH
Feed Rate:      30.0 m/min
Material Size:  
Product Size:   

===========================================

===========================================
PROFILE Configuration - 2026-01-12 22:10
===========================================
Date:           2026-01-12 22:10
Profile Name:   20PTGH
Feed Rate:      30.0 m/min
Material Size:  
Product Size:   

===========================================

===========================================
PROFILE Configuration - 2026-01-12 22:31
===========================================
Date:           2026-01-12 22:31
Profile Name:   20PTGH
Feed Rate:      30.0 m/min
Material Size:  
Product Size:   

===========================================

===========================================
PROFILE Configuration - 2026-01-12 22:38
===========================================
Date:           2026-01-12 22:38
Profile Name:   20PTGH
Feed Rate:      30.0 m/min
Material Size:  
Product Size:   

===========================================

===========================================
PROFILE Configuration - 2026-01-12 22:46
===========================================
Date:           2026-01-12 22:46
Profile Name:   20PTGH
Feed Rate:      30.0 m/min
Material Size:  
Product Size:   

===========================================

===========================================
PROFILE Configuration - 2026-01-12 23:04
===========================================
Date:           2026-01-12 23:04
Profile Name:   26PTGH4-3
Feed Rate:      30.0 m/min
Material Size:  
Product Size:   

===========================================
